<?xml version="1.0" encoding="UTF-8"?>
<testsuite xmlns:xsi="http://www.w3.org/2001/XMLSchema-instance" xsi:noNamespaceSchemaLocation="https://maven.apache.org/surefire/maven-surefire-plugin/xsd/surefire-test-report.xsd" name="com.progresssoft.DealServiceTest" time="0.603" tests="5" errors="0" skipped="0" failures="0">
  <properties>
[...]
</properties>
  <testcase name="testProcessValidNewDeal" classname="com.progresssoft.DealServiceTest" time="0.573"/>
  <testcase name="testProcessDuplicateDeal" classname="com.progresssoft.DealServiceTest" time="0.002"/>
  <testcase name="testProcessDealWithRepositorySaveError" classname="com.progresssoft.DealServiceTest" time="0.005"/>
  <testcase name="testProcessDealWithRepositoryExistsError" classname="com.progresssoft.DealServiceTest" time="0.002"/>
  <testcase name="testProcessInvalidDeal" classname="com.progresssoft.DealServiceTest" time="0.002"/>
</testsuite>